#
# There is insufficient memory for the Java Runtime Environment to continue.
# Native memory allocation (malloc) failed to allocate 1686976 bytes for Chunk::new
# Possible reasons:
#   The system is out of physical RAM or swap space
#   The process is running with CompressedOops enabled, and the Java Heap may be blocking the growth of the native heap
# Possible solutions:
#   Reduce memory load on the system
#   Increase physical memory or swap space
#   Check if swap backing store is full
#   Decrease Java heap size (-Xmx/-Xms)
#   Decrease number of Java threads
#   Decrease Java thread stack sizes (-Xss)
#   Set larger code cache with -XX:ReservedCodeCacheSize=
#   JVM is running with Unscaled Compressed Oops mode in which the Java heap is
#     placed in the first 4GB address space. The Java Heap base address is the
#     maximum limit for the native heap growth. Please use -XX:HeapBaseMinAddress
#     to set the Java Heap base and to place the Java Heap above 4GB virtual address.
# This output file may be truncated or incomplete.
#
#  Out of Memory Error (arena.cpp:191), pid=24772, tid=24228
#
# JRE version: OpenJDK Runtime Environment (17.0.10) (build 17.0.10+0--11572160)
# Java VM: OpenJDK 64-Bit Server VM (17.0.10+0--11572160, mixed mode, tiered, compressed oops, compressed class ptrs, g1 gc, windows-amd64)
# No core dump will be written. Minidumps are not enabled by default on client versions of Windows
#

---------------  S U M M A R Y ------------

Command Line: org.jetbrains.kotlin.cli.jvm.K2JVMCompiler @C:\xampp\htdocs\2024-db-project\kotlin-java-section\app\build\20240513_18138716878877680563.compiler.options

Host: AMD Ryzen 7 5700U with Radeon Graphics         , 16 cores, 5G,  Windows 11 , 64 bit Build 22621 (10.0.22621.3374)
Time: Mon May 13 20:29:33 2024  Windows 11 , 64 bit Build 22621 (10.0.22621.3374) elapsed time: 14.644840 seconds (0d 0h 0m 14s)

---------------  T H R E A D  ---------------

Current thread (0x000001cf611378f0):  JavaThread "C2 CompilerThread0" daemon [_thread_in_native, id=24228, stack(0x0000005aeff00000,0x0000005af0000000)]


Current CompileTask:
C2:  14644 6078       4       jdk.internal.loader.ClassLoaders$AppClassLoader::loadClass (40 bytes)

Stack: [0x0000005aeff00000,0x0000005af0000000]
Native frames: (J=compiled Java code, j=interpreted, Vv=VM code, C=native code)
V  [jvm.dll+0x688e89]
V  [jvm.dll+0x84247a]
V  [jvm.dll+0x8440be]
V  [jvm.dll+0x844723]
V  [jvm.dll+0x24be0f]
V  [jvm.dll+0xac524]
V  [jvm.dll+0xacb6c]
V  [jvm.dll+0x36bd67]
V  [jvm.dll+0x1bde16]
V  [jvm.dll+0x21dbf9]
V  [jvm.dll+0x21cec1]
V  [jvm.dll+0x1a60ad]
V  [jvm.dll+0x22cd78]
V  [jvm.dll+0x22aeb0]
V  [jvm.dll+0x7f6917]
V  [jvm.dll+0x7f0d1a]
V  [jvm.dll+0x687d05]
C  [ucrtbase.dll+0x29333]
C  [KERNEL32.DLL+0x1257d]
C  [ntdll.dll+0x5aa48]


---------------  P R O C E S S  ---------------

Threads class SMR info:
_java_thread_list=0x000001cf61c566f0, length=15, elements={
0x000001cf45af8640, 0x000001cf60fc8660, 0x000001cf60fc9c80, 0x000001cf60fb4c70,
0x000001cf61113fd0, 0x000001cf611166b0, 0x000001cf61117810, 0x000001cf611378f0,
0x000001cf61138a50, 0x000001cf6113ca90, 0x000001cf612b6f40, 0x000001cf612c0090,
0x000001cf612d7440, 0x000001cf61750010, 0x000001cf61751140
}

Java Threads: ( => current thread )
  0x000001cf45af8640 JavaThread "main" [_thread_in_vm, id=12316, stack(0x0000005aef200000,0x0000005aef300000)]
  0x000001cf60fc8660 JavaThread "Reference Handler" daemon [_thread_blocked, id=15444, stack(0x0000005aef900000,0x0000005aefa00000)]
  0x000001cf60fc9c80 JavaThread "Finalizer" daemon [_thread_blocked, id=31092, stack(0x0000005aefa00000,0x0000005aefb00000)]
  0x000001cf60fb4c70 JavaThread "Signal Dispatcher" daemon [_thread_blocked, id=23544, stack(0x0000005aefb00000,0x0000005aefc00000)]
  0x000001cf61113fd0 JavaThread "Attach Listener" daemon [_thread_blocked, id=3308, stack(0x0000005aefc00000,0x0000005aefd00000)]
  0x000001cf611166b0 JavaThread "Service Thread" daemon [_thread_blocked, id=31624, stack(0x0000005aefd00000,0x0000005aefe00000)]
  0x000001cf61117810 JavaThread "Monitor Deflation Thread" daemon [_thread_blocked, id=32156, stack(0x0000005aefe00000,0x0000005aeff00000)]
=>0x000001cf611378f0 JavaThread "C2 CompilerThread0" daemon [_thread_in_native, id=24228, stack(0x0000005aeff00000,0x0000005af0000000)]
  0x000001cf61138a50 JavaThread "C1 CompilerThread0" daemon [_thread_blocked, id=19652, stack(0x0000005af0000000,0x0000005af0100000)]
  0x000001cf6113ca90 JavaThread "Sweeper thread" daemon [_thread_blocked, id=33340, stack(0x0000005af0100000,0x0000005af0200000)]
  0x000001cf612b6f40 JavaThread "C1 CompilerThread1" daemon [_thread_blocked, id=37084, stack(0x0000005af0200000,0x0000005af0300000)]
  0x000001cf612c0090 JavaThread "Notification Thread" daemon [_thread_blocked, id=37140, stack(0x0000005af0300000,0x0000005af0400000)]
  0x000001cf612d7440 JavaThread "Common-Cleaner" daemon [_thread_blocked, id=27820, stack(0x0000005af0500000,0x0000005af0600000)]
  0x000001cf61750010 JavaThread "C1 CompilerThread2" daemon [_thread_blocked, id=17364, stack(0x0000005af0600000,0x0000005af0700000)]
  0x000001cf61751140 JavaThread "C1 CompilerThread3" daemon [_thread_blocked, id=34392, stack(0x0000005af0700000,0x0000005af0800000)]

Other Threads:
  0x000001cf60f4ae80 VMThread "VM Thread" [stack: 0x0000005aef800000,0x0000005aef900000] [id=27464]
  0x000001cf612c6bb0 WatcherThread [stack: 0x0000005af0400000,0x0000005af0500000] [id=29620]
  0x000001cf45b44b20 GCTaskThread "GC Thread#0" [stack: 0x0000005aef300000,0x0000005aef400000] [id=18720]
  0x000001cf6192d3d0 GCTaskThread "GC Thread#1" [stack: 0x0000005af0800000,0x0000005af0900000] [id=4360]
  0x000001cf61962670 GCTaskThread "GC Thread#2" [stack: 0x0000005af0900000,0x0000005af0a00000] [id=26912]
  0x000001cf61962930 GCTaskThread "GC Thread#3" [stack: 0x0000005af0a00000,0x0000005af0b00000] [id=10408]
  0x000001cf61963000 GCTaskThread "GC Thread#4" [stack: 0x0000005af0b00000,0x0000005af0c00000] [id=31660]
  0x000001cf661605e0 GCTaskThread "GC Thread#5" [stack: 0x0000005af0c00000,0x0000005af0d00000] [id=5392]
  0x000001cf66188fb0 GCTaskThread "GC Thread#6" [stack: 0x0000005af0d00000,0x0000005af0e00000] [id=4804]
  0x000001cf66189270 GCTaskThread "GC Thread#7" [stack: 0x0000005af0e00000,0x0000005af0f00000] [id=25244]
  0x000001cf66155920 GCTaskThread "GC Thread#8" [stack: 0x0000005af0f00000,0x0000005af1000000] [id=23548]
  0x000001cf66bdf210 GCTaskThread "GC Thread#9" [stack: 0x0000005af1200000,0x0000005af1300000] [id=23812]
  0x000001cf66bdf4d0 GCTaskThread "GC Thread#10" [stack: 0x0000005af1300000,0x0000005af1400000] [id=38812]
  0x000001cf66be0ad0 GCTaskThread "GC Thread#11" [stack: 0x0000005af1700000,0x0000005af1800000] [id=9148]
  0x000001cf66bdfa50 GCTaskThread "GC Thread#12" [stack: 0x0000005af1800000,0x0000005af1900000] [id=40704]
  0x000001cf45b53df0 ConcurrentGCThread "G1 Main Marker" [stack: 0x0000005aef400000,0x0000005aef500000] [id=34136]
  0x000001cf45b54810 ConcurrentGCThread "G1 Conc#0" [stack: 0x0000005aef500000,0x0000005aef600000] [id=16692]
  0x000001cf661887e0 ConcurrentGCThread "G1 Conc#1" [stack: 0x0000005af1000000,0x0000005af1100000] [id=8420]
  0x000001cf66188aa0 ConcurrentGCThread "G1 Conc#2" [stack: 0x0000005af1100000,0x0000005af1200000] [id=24660]
  0x000001cf60e024c0 ConcurrentGCThread "G1 Refine#0" [stack: 0x0000005aef600000,0x0000005aef700000] [id=2508]
  0x000001cf60e02ef0 ConcurrentGCThread "G1 Service" [stack: 0x0000005aef700000,0x0000005aef800000] [id=31224]

Threads with active compile tasks:
C2 CompilerThread0    14717 6078       4       jdk.internal.loader.ClassLoaders$AppClassLoader::loadClass (40 bytes)

VM state: not at safepoint (normal execution)

VM Mutex/Monitor currently owned by a thread: None

Heap address: 0x00000000a2200000, size: 1502 MB, Compressed Oops mode: 32-bit

CDS archive(s) not mapped
Compressed class space mapped at: 0x0000000100000000-0x0000000140000000, reserved size: 1073741824
Narrow klass base: 0x0000000000000000, Narrow klass shift: 3, Narrow klass range: 0x140000000

GC Precious Log:
 CPUs: 16 total, 16 available
 Memory: 6005M
 Large Page Support: Disabled
 NUMA Support: Disabled
 Compressed Oops: Enabled (32-bit)
 Heap Region Size: 1M
 Heap Min Capacity: 8M
 Heap Initial Capacity: 94M
 Heap Max Capacity: 1502M
 Pre-touch: Disabled
 Parallel Workers: 13
 Concurrent Workers: 3
 Concurrent Refinement Workers: 13
 Periodic GC: Disabled

Heap:
 garbage-first heap   total 104448K, used 53203K [0x00000000a2200000, 0x0000000100000000)
  region size 1024K, 11 young (11264K), 3 survivors (3072K)
 Metaspace       used 66323K, committed 66624K, reserved 1114112K
  class space    used 7679K, committed 7808K, reserved 1048576K

Heap Regions: E=young(eden), S=young(survivor), O=old, HS=humongous(starts), HC=humongous(continues), CS=collection set, F=free, OA=open archive, CA=closed archive, TAMS=top-at-mark-start (previous, next)
|   0|0x00000000a2200000, 0x00000000a2300000, 0x00000000a2300000|100%|HS|  |TAMS 0x00000000a2300000, 0x00000000a2200000| Complete 
|   1|0x00000000a2300000, 0x00000000a2400000, 0x00000000a2400000|100%|HC|  |TAMS 0x00000000a2400000, 0x00000000a2300000| Complete 
|   2|0x00000000a2400000, 0x00000000a2500000, 0x00000000a2500000|100%|HC|  |TAMS 0x00000000a2500000, 0x00000000a2400000| Complete 
|   3|0x00000000a2500000, 0x00000000a2600000, 0x00000000a2600000|100%|HC|  |TAMS 0x00000000a2600000, 0x00000000a2500000| Complete 
|   4|0x00000000a2600000, 0x00000000a2700000, 0x00000000a2700000|100%| O|  |TAMS 0x00000000a2700000, 0x00000000a2600000| Untracked 
|   5|0x00000000a2700000, 0x00000000a2800000, 0x00000000a2800000|100%| O|  |TAMS 0x00000000a2800000, 0x00000000a2700000| Untracked 
|   6|0x00000000a2800000, 0x00000000a2900000, 0x00000000a2900000|100%| O|  |TAMS 0x00000000a2900000, 0x00000000a2800000| Untracked 
|   7|0x00000000a2900000, 0x00000000a2a00000, 0x00000000a2a00000|100%| O|  |TAMS 0x00000000a2a00000, 0x00000000a2900000| Untracked 
|   8|0x00000000a2a00000, 0x00000000a2b00000, 0x00000000a2b00000|100%| O|  |TAMS 0x00000000a2a00000, 0x00000000a2a00000| Untracked 
|   9|0x00000000a2b00000, 0x00000000a2c00000, 0x00000000a2c00000|100%| O|  |TAMS 0x00000000a2c00000, 0x00000000a2b00000| Untracked 
|  10|0x00000000a2c00000, 0x00000000a2d00000, 0x00000000a2d00000|100%| O|  |TAMS 0x00000000a2d00000, 0x00000000a2c00000| Untracked 
|  11|0x00000000a2d00000, 0x00000000a2e00000, 0x00000000a2e00000|100%| O|  |TAMS 0x00000000a2e00000, 0x00000000a2d00000| Untracked 
|  12|0x00000000a2e00000, 0x00000000a2f00000, 0x00000000a2f00000|100%|HS|  |TAMS 0x00000000a2f00000, 0x00000000a2e00000| Complete 
|  13|0x00000000a2f00000, 0x00000000a3000000, 0x00000000a3000000|100%|HC|  |TAMS 0x00000000a3000000, 0x00000000a2f00000| Complete 
|  14|0x00000000a3000000, 0x00000000a3100000, 0x00000000a3100000|100%| O|  |TAMS 0x00000000a3100000, 0x00000000a3000000| Untracked 
|  15|0x00000000a3100000, 0x00000000a3200000, 0x00000000a3200000|100%| O|  |TAMS 0x00000000a3200000, 0x00000000a3100000| Untracked 
|  16|0x00000000a3200000, 0x00000000a3300000, 0x00000000a3300000|100%| O|  |TAMS 0x00000000a3300000, 0x00000000a3200000| Untracked 
|  17|0x00000000a3300000, 0x00000000a3400000, 0x00000000a3400000|100%| O|  |TAMS 0x00000000a3400000, 0x00000000a3300000| Untracked 
|  18|0x00000000a3400000, 0x00000000a3500000, 0x00000000a3500000|100%| O|  |TAMS 0x00000000a3500000, 0x00000000a3400000| Untracked 
|  19|0x00000000a3500000, 0x00000000a3600000, 0x00000000a3600000|100%| O|  |TAMS 0x00000000a3600000, 0x00000000a3500000| Untracked 
|  20|0x00000000a3600000, 0x00000000a3700000, 0x00000000a3700000|100%| O|  |TAMS 0x00000000a3700000, 0x00000000a3600000| Untracked 
|  21|0x00000000a3700000, 0x00000000a3800000, 0x00000000a3800000|100%| O|  |TAMS 0x00000000a3800000, 0x00000000a3700000| Untracked 
|  22|0x00000000a3800000, 0x00000000a3900000, 0x00000000a3900000|100%| O|  |TAMS 0x00000000a3900000, 0x00000000a3800000| Untracked 
|  23|0x00000000a3900000, 0x00000000a3a00000, 0x00000000a3a00000|100%| O|  |TAMS 0x00000000a3a00000, 0x00000000a3900000| Untracked 
|  24|0x00000000a3a00000, 0x00000000a3b00000, 0x00000000a3b00000|100%| O|  |TAMS 0x00000000a3b00000, 0x00000000a3a00000| Untracked 
|  25|0x00000000a3b00000, 0x00000000a3c00000, 0x00000000a3c00000|100%| O|  |TAMS 0x00000000a3b00000, 0x00000000a3b00000| Untracked 
|  26|0x00000000a3c00000, 0x00000000a3d00000, 0x00000000a3d00000|100%| O|  |TAMS 0x00000000a3d00000, 0x00000000a3c00000| Untracked 
|  27|0x00000000a3d00000, 0x00000000a3e00000, 0x00000000a3e00000|100%| O|  |TAMS 0x00000000a3e00000, 0x00000000a3d00000| Untracked 
|  28|0x00000000a3e00000, 0x00000000a3f00000, 0x00000000a3f00000|100%| O|  |TAMS 0x00000000a3f00000, 0x00000000a3e00000| Untracked 
|  29|0x00000000a3f00000, 0x00000000a4000000, 0x00000000a4000000|100%| O|  |TAMS 0x00000000a4000000, 0x00000000a3f00000| Untracked 
|  30|0x00000000a4000000, 0x00000000a4100000, 0x00000000a4100000|100%| O|  |TAMS 0x00000000a4100000, 0x00000000a4000000| Untracked 
|  31|0x00000000a4100000, 0x00000000a4200000, 0x00000000a4200000|100%| O|  |TAMS 0x00000000a4200000, 0x00000000a4100000| Untracked 
|  32|0x00000000a4200000, 0x00000000a4300000, 0x00000000a4300000|100%| O|  |TAMS 0x00000000a4300000, 0x00000000a4200000| Untracked 
|  33|0x00000000a4300000, 0x00000000a4400000, 0x00000000a4400000|100%| O|  |TAMS 0x00000000a432be00, 0x00000000a4300000| Untracked 
|  34|0x00000000a4400000, 0x00000000a4500000, 0x00000000a4500000|100%| O|  |TAMS 0x00000000a4400000, 0x00000000a4400000| Untracked 
|  35|0x00000000a4500000, 0x00000000a4600000, 0x00000000a4600000|100%| O|  |TAMS 0x00000000a4500000, 0x00000000a4500000| Untracked 
|  36|0x00000000a4600000, 0x00000000a4700000, 0x00000000a4700000|100%| O|  |TAMS 0x00000000a4600000, 0x00000000a4600000| Untracked 
|  37|0x00000000a4700000, 0x00000000a4800000, 0x00000000a4800000|100%| O|  |TAMS 0x00000000a4700000, 0x00000000a4700000| Untracked 
|  38|0x00000000a4800000, 0x00000000a4900000, 0x00000000a4900000|100%| O|  |TAMS 0x00000000a4800000, 0x00000000a4800000| Untracked 
|  39|0x00000000a4900000, 0x00000000a4a00000, 0x00000000a4a00000|100%| O|  |TAMS 0x00000000a4900000, 0x00000000a4900000| Untracked 
|  40|0x00000000a4a00000, 0x00000000a4b00000, 0x00000000a4b00000|100%| O|  |TAMS 0x00000000a4a00000, 0x00000000a4a00000| Untracked 
|  41|0x00000000a4b00000, 0x00000000a4c00000, 0x00000000a4c00000|100%| O|  |TAMS 0x00000000a4b00000, 0x00000000a4b00000| Untracked 
|  42|0x00000000a4c00000, 0x00000000a4c00000, 0x00000000a4d00000|  0%| F|  |TAMS 0x00000000a4c00000, 0x00000000a4c00000| Untracked 
|  43|0x00000000a4d00000, 0x00000000a4d00000, 0x00000000a4e00000|  0%| F|  |TAMS 0x00000000a4d00000, 0x00000000a4d00000| Untracked 
|  44|0x00000000a4e00000, 0x00000000a4e00000, 0x00000000a4f00000|  0%| F|  |TAMS 0x00000000a4e00000, 0x00000000a4e00000| Untracked 
|  45|0x00000000a4f00000, 0x00000000a4f00000, 0x00000000a5000000|  0%| F|  |TAMS 0x00000000a4f00000, 0x00000000a4f00000| Untracked 
|  46|0x00000000a5000000, 0x00000000a5000000, 0x00000000a5100000|  0%| F|  |TAMS 0x00000000a5000000, 0x00000000a5000000| Untracked 
|  47|0x00000000a5100000, 0x00000000a5100000, 0x00000000a5200000|  0%| F|  |TAMS 0x00000000a5100000, 0x00000000a5100000| Untracked 
|  48|0x00000000a5200000, 0x00000000a5200000, 0x00000000a5300000|  0%| F|  |TAMS 0x00000000a5200000, 0x00000000a5200000| Untracked 
|  49|0x00000000a5300000, 0x00000000a5300000, 0x00000000a5400000|  0%| F|  |TAMS 0x00000000a5300000, 0x00000000a5300000| Untracked 
|  50|0x00000000a5400000, 0x00000000a5400000, 0x00000000a5500000|  0%| F|  |TAMS 0x00000000a5400000, 0x00000000a5400000| Untracked 
|  51|0x00000000a5500000, 0x00000000a5500000, 0x00000000a5600000|  0%| F|  |TAMS 0x00000000a5500000, 0x00000000a5500000| Untracked 
|  52|0x00000000a5600000, 0x00000000a5600000, 0x00000000a5700000|  0%| F|  |TAMS 0x00000000a5600000, 0x00000000a5600000| Untracked 
|  53|0x00000000a5700000, 0x00000000a5700000, 0x00000000a5800000|  0%| F|  |TAMS 0x00000000a5700000, 0x00000000a5700000| Untracked 
|  54|0x00000000a5800000, 0x00000000a5800000, 0x00000000a5900000|  0%| F|  |TAMS 0x00000000a5800000, 0x00000000a5800000| Untracked 
|  55|0x00000000a5900000, 0x00000000a5900000, 0x00000000a5a00000|  0%| F|  |TAMS 0x00000000a5900000, 0x00000000a5900000| Untracked 
|  56|0x00000000a5a00000, 0x00000000a5a00000, 0x00000000a5b00000|  0%| F|  |TAMS 0x00000000a5a00000, 0x00000000a5a00000| Untracked 
|  57|0x00000000a5b00000, 0x00000000a5b00000, 0x00000000a5c00000|  0%| F|  |TAMS 0x00000000a5b00000, 0x00000000a5b00000| Untracked 
|  58|0x00000000a5c00000, 0x00000000a5c00000, 0x00000000a5d00000|  0%| F|  |TAMS 0x00000000a5c00000, 0x00000000a5c00000| Untracked 
|  59|0x00000000a5d00000, 0x00000000a5d00000, 0x00000000a5e00000|  0%| F|  |TAMS 0x00000000a5d00000, 0x00000000a5d00000| Untracked 
|  60|0x00000000a5e00000, 0x00000000a5e00000, 0x00000000a5f00000|  0%| F|  |TAMS 0x00000000a5e00000, 0x00000000a5e00000| Untracked 
|  61|0x00000000a5f00000, 0x00000000a5f00000, 0x00000000a6000000|  0%| F|  |TAMS 0x00000000a5f00000, 0x00000000a5f00000| Untracked 
|  62|0x00000000a6000000, 0x00000000a6000000, 0x00000000a6100000|  0%| F|  |TAMS 0x00000000a6000000, 0x00000000a6000000| Untracked 
|  63|0x00000000a6100000, 0x00000000a6100000, 0x00000000a6200000|  0%| F|  |TAMS 0x00000000a6100000, 0x00000000a6100000| Untracked 
|  64|0x00000000a6200000, 0x00000000a6200000, 0x00000000a6300000|  0%| F|  |TAMS 0x00000000a6200000, 0x00000000a6200000| Untracked 
|  65|0x00000000a6300000, 0x00000000a6300000, 0x00000000a6400000|  0%| F|  |TAMS 0x00000000a6300000, 0x00000000a6300000| Untracked 
|  66|0x00000000a6400000, 0x00000000a64f4f08, 0x00000000a6500000| 95%| S|CS|TAMS 0x00000000a6400000, 0x00000000a6400000| Complete 
|  67|0x00000000a6500000, 0x00000000a6600000, 0x00000000a6600000|100%| S|CS|TAMS 0x00000000a6500000, 0x00000000a6500000| Complete 
|  68|0x00000000a6600000, 0x00000000a6700000, 0x00000000a6700000|100%| S|CS|TAMS 0x00000000a6600000, 0x00000000a6600000| Complete 
|  69|0x00000000a6700000, 0x00000000a6700000, 0x00000000a6800000|  0%| F|  |TAMS 0x00000000a6700000, 0x00000000a6700000| Untracked 
|  70|0x00000000a6800000, 0x00000000a6800000, 0x00000000a6900000|  0%| F|  |TAMS 0x00000000a6800000, 0x00000000a6800000| Untracked 
|  71|0x00000000a6900000, 0x00000000a6900000, 0x00000000a6a00000|  0%| F|  |TAMS 0x00000000a6900000, 0x00000000a6900000| Untracked 
|  72|0x00000000a6a00000, 0x00000000a6a00000, 0x00000000a6b00000|  0%| F|  |TAMS 0x00000000a6a00000, 0x00000000a6a00000| Untracked 
|  73|0x00000000a6b00000, 0x00000000a6b00000, 0x00000000a6c00000|  0%| F|  |TAMS 0x00000000a6b00000, 0x00000000a6b00000| Untracked 
|  74|0x00000000a6c00000, 0x00000000a6c00000, 0x00000000a6d00000|  0%| F|  |TAMS 0x00000000a6c00000, 0x00000000a6c00000| Untracked 
|  75|0x00000000a6d00000, 0x00000000a6d00000, 0x00000000a6e00000|  0%| F|  |TAMS 0x00000000a6d00000, 0x00000000a6d00000| Untracked 
|  76|0x00000000a6e00000, 0x00000000a6e00000, 0x00000000a6f00000|  0%| F|  |TAMS 0x00000000a6e00000, 0x00000000a6e00000| Untracked 
|  77|0x00000000a6f00000, 0x00000000a6f00000, 0x00000000a7000000|  0%| F|  |TAMS 0x00000000a6f00000, 0x00000000a6f00000| Untracked 
|  78|0x00000000a7000000, 0x00000000a7000000, 0x00000000a7100000|  0%| F|  |TAMS 0x00000000a7000000, 0x00000000a7000000| Untracked 
|  79|0x00000000a7100000, 0x00000000a7100000, 0x00000000a7200000|  0%| F|  |TAMS 0x00000000a7100000, 0x00000000a7100000| Untracked 
|  80|0x00000000a7200000, 0x00000000a7200000, 0x00000000a7300000|  0%| F|  |TAMS 0x00000000a7200000, 0x00000000a7200000| Untracked 
|  81|0x00000000a7300000, 0x00000000a7300000, 0x00000000a7400000|  0%| F|  |TAMS 0x00000000a7300000, 0x00000000a7300000| Untracked 
|  82|0x00000000a7400000, 0x00000000a7400000, 0x00000000a7500000|  0%| F|  |TAMS 0x00000000a7400000, 0x00000000a7400000| Untracked 
|  83|0x00000000a7500000, 0x00000000a7500000, 0x00000000a7600000|  0%| F|  |TAMS 0x00000000a7500000, 0x00000000a7500000| Untracked 
|  84|0x00000000a7600000, 0x00000000a7600000, 0x00000000a7700000|  0%| F|  |TAMS 0x00000000a7600000, 0x00000000a7600000| Untracked 
|  85|0x00000000a7700000, 0x00000000a7700000, 0x00000000a7800000|  0%| F|  |TAMS 0x00000000a7700000, 0x00000000a7700000| Untracked 
|  86|0x00000000a7800000, 0x00000000a7800000, 0x00000000a7900000|  0%| F|  |TAMS 0x00000000a7800000, 0x00000000a7800000| Untracked 
|  87|0x00000000a7900000, 0x00000000a7900000, 0x00000000a7a00000|  0%| F|  |TAMS 0x00000000a7900000, 0x00000000a7900000| Untracked 
|  88|0x00000000a7a00000, 0x00000000a7a00000, 0x00000000a7b00000|  0%| F|  |TAMS 0x00000000a7a00000, 0x00000000a7a00000| Untracked 
|  89|0x00000000a7b00000, 0x00000000a7b00000, 0x00000000a7c00000|  0%| F|  |TAMS 0x00000000a7b00000, 0x00000000a7b00000| Untracked 
|  90|0x00000000a7c00000, 0x00000000a7c00000, 0x00000000a7d00000|  0%| F|  |TAMS 0x00000000a7c00000, 0x00000000a7c00000| Untracked 
|  91|0x00000000a7d00000, 0x00000000a7d00000, 0x00000000a7e00000|  0%| F|  |TAMS 0x00000000a7d00000, 0x00000000a7d00000| Untracked 
|  92|0x00000000a7e00000, 0x00000000a7e00000, 0x00000000a7f00000|  0%| F|  |TAMS 0x00000000a7e00000, 0x00000000a7e00000| Untracked 
|  93|0x00000000a7f00000, 0x00000000a7f00000, 0x00000000a8000000|  0%| F|  |TAMS 0x00000000a7f00000, 0x00000000a7f00000| Untracked 
|  94|0x00000000a8000000, 0x00000000a8100000, 0x00000000a8100000|100%| E|  |TAMS 0x00000000a8000000, 0x00000000a8000000| Complete 
|  95|0x00000000a8100000, 0x00000000a8200000, 0x00000000a8200000|100%| E|CS|TAMS 0x00000000a8100000, 0x00000000a8100000| Complete 
|  96|0x00000000a8200000, 0x00000000a8300000, 0x00000000a8300000|100%| E|CS|TAMS 0x00000000a8200000, 0x00000000a8200000| Complete 
|  97|0x00000000a8300000, 0x00000000a8400000, 0x00000000a8400000|100%| E|CS|TAMS 0x00000000a8300000, 0x00000000a8300000| Complete 
|  98|0x00000000a8400000, 0x00000000a8500000, 0x00000000a8500000|100%| E|CS|TAMS 0x00000000a8400000, 0x00000000a8400000| Complete 
|  99|0x00000000a8500000, 0x00000000a8600000, 0x00000000a8600000|100%| E|CS|TAMS 0x00000000a8500000, 0x00000000a8500000| Complete 
| 100|0x00000000a8600000, 0x00000000a8700000, 0x00000000a8700000|100%| E|CS|TAMS 0x00000000a8600000, 0x00000000a8600000| Complete 
| 101|0x00000000a8700000, 0x00000000a8800000, 0x00000000a8800000|100%| E|CS|TAMS 0x00000000a8700000, 0x00000000a8700000| Complete 

Card table byte_map: [0x000001cf5aa80000,0x000001cf5ad70000] _byte_map_base: 0x000001cf5a56f000

Marking Bits (Prev, Next): (CMBitMap*) 0x000001cf45b47160, (CMBitMap*) 0x000001cf45b471a0
 Prev Bits: [0x000001cf5b060000, 0x000001cf5c7d8000)
 Next Bits: [0x000001cf5c7e0000, 0x000001cf5df58000)

Polling page: 0x000001cf45930000

Metaspace:

Usage:
  Non-class:     57.27 MB used.
      Class:      7.50 MB used.
       Both:     64.77 MB used.

Virtual space:
  Non-class space:       64.00 MB reserved,      57.44 MB ( 90%) committed,  1 nodes.
      Class space:        1.00 GB reserved,       7.62 MB ( <1%) committed,  1 nodes.
             Both:        1.06 GB reserved,      65.06 MB (  6%) committed. 

Chunk freelists:
   Non-Class:  6.17 MB
       Class:  8.36 MB
        Both:  14.53 MB

MaxMetaspaceSize: unlimited
CompressedClassSpaceSize: 1.00 GB
Initial GC threshold: 21.00 MB
Current GC threshold: 82.44 MB
CDS: off
MetaspaceReclaimPolicy: balanced
 - commit_granule_bytes: 65536.
 - commit_granule_words: 8192.
 - virtual_space_node_default_size: 8388608.
 - enlarge_chunks_in_place: 1.
 - new_chunks_are_fully_committed: 0.
 - uncommit_free_chunks: 1.
 - use_allocation_guard: 0.
 - handle_deallocations: 1.


Internal statistics:

num_allocs_failed_limit: 6.
num_arena_births: 214.
num_arena_deaths: 0.
num_vsnodes_births: 2.
num_vsnodes_deaths: 0.
num_space_committed: 1039.
num_space_uncommitted: 0.
num_chunks_returned_to_freelist: 6.
num_chunks_taken_from_freelist: 2185.
num_chunk_merges: 6.
num_chunk_splits: 1884.
num_chunks_enlarged: 1739.
num_inconsistent_stats: 0.

CodeHeap 'non-profiled nmethods': size=119168Kb used=2582Kb max_used=2659Kb free=116586Kb
 bounds [0x000001cf52370000, 0x000001cf52610000, 0x000001cf597d0000]
CodeHeap 'profiled nmethods': size=119104Kb used=16406Kb max_used=16406Kb free=102697Kb
 bounds [0x000001cf4a7d0000, 0x000001cf4b7e0000, 0x000001cf51c20000]
CodeHeap 'non-nmethods': size=7488Kb used=3055Kb max_used=3080Kb free=4432Kb
 bounds [0x000001cf51c20000, 0x000001cf51f30000, 0x000001cf52370000]
 total_blobs=6971 nmethods=6273 adapters=606
 compilation: enabled
              stopped_count=0, restarted_count=0
 full_count=0

Compilation events (20 events):
Event: 14.623 Thread 0x000001cf61751140 nmethod 7056 0x000001cf4b799f10 code [0x000001cf4b79a1e0, 0x000001cf4b79b108]
Event: 14.625 Thread 0x000001cf61138a50 nmethod 7057 0x000001cf4b79b510 code [0x000001cf4b79b9e0, 0x000001cf4b79dc98]
Event: 14.626 Thread 0x000001cf61138a50 7062       1       org.jetbrains.kotlin.backend.common.phaser.ActionState::getBeforeOrAfter (5 bytes)
Event: 14.626 Thread 0x000001cf612b6f40 7063       1       org.jetbrains.kotlin.backend.common.phaser.ActionState::getConfig (5 bytes)
Event: 14.626 Thread 0x000001cf61750010 7064       1       org.jetbrains.kotlin.backend.common.phaser.ActionState::getPhase (5 bytes)
Event: 14.626 Thread 0x000001cf61750010 nmethod 7064 0x000001cf52595010 code [0x000001cf525951a0, 0x000001cf52595278]
Event: 14.626 Thread 0x000001cf61138a50 nmethod 7062 0x000001cf52594b90 code [0x000001cf52594d20, 0x000001cf52594df8]
Event: 14.626 Thread 0x000001cf612b6f40 nmethod 7063 0x000001cf52530490 code [0x000001cf52530620, 0x000001cf525306f8]
Event: 14.632 Thread 0x000001cf61751140 7066       1       org.jetbrains.kotlin.ir.expressions.IrFieldAccessExpression::setReceiver (6 bytes)
Event: 14.632 Thread 0x000001cf612b6f40 7065       1       org.jetbrains.kotlin.ir.expressions.impl.IrCallImpl::getSymbol (5 bytes)
Event: 14.632 Thread 0x000001cf61138a50 7067       3       org.jetbrains.kotlin.ir.expressions.IrMemberAccessExpression::transformChildren (63 bytes)
Event: 14.632 Thread 0x000001cf61750010 7068       3       org.jetbrains.kotlin.ir.util.TransformKt::transformInPlace (60 bytes)
Event: 14.632 Thread 0x000001cf612b6f40 nmethod 7065 0x000001cf52530190 code [0x000001cf52530320, 0x000001cf525303f8]
Event: 14.632 Thread 0x000001cf61751140 nmethod 7066 0x000001cf5252fe90 code [0x000001cf52530020, 0x000001cf52530138]
Event: 14.632 Thread 0x000001cf612b6f40 7069       3       org.jetbrains.kotlin.ir.util.TransformKt::transformInPlace (70 bytes)
Event: 14.633 Thread 0x000001cf61751140 7070       3       org.jetbrains.kotlin.ir.declarations.IrProperty::accept (15 bytes)
Event: 14.633 Thread 0x000001cf61750010 nmethod 7068 0x000001cf4b79e790 code [0x000001cf4b79eac0, 0x000001cf4b79fd78]
Event: 14.633 Thread 0x000001cf61751140 nmethod 7070 0x000001cf4b7a0410 code [0x000001cf4b7a0620, 0x000001cf4b7a0ca8]
Event: 14.634 Thread 0x000001cf61138a50 nmethod 7067 0x000001cf4b7a0f10 code [0x000001cf4b7a1380, 0x000001cf4b7a3498]
Event: 14.634 Thread 0x000001cf612b6f40 nmethod 7069 0x000001cf4b7a3e90 code [0x000001cf4b7a4240, 0x000001cf4b7a59b8]

GC Heap History (20 events):
Event: 8.666 GC heap before
{Heap before GC invocations=10 (full 0):
 garbage-first heap   total 58368K, used 44032K [0x00000000a2200000, 0x0000000100000000)
  region size 1024K, 26 young (26624K), 4 survivors (4096K)
 Metaspace       used 46226K, committed 46464K, reserved 1114112K
  class space    used 5637K, committed 5760K, reserved 1048576K
}
Event: 8.677 GC heap after
{Heap after GC invocations=11 (full 0):
 garbage-first heap   total 58368K, used 24354K [0x00000000a2200000, 0x0000000100000000)
  region size 1024K, 3 young (3072K), 3 survivors (3072K)
 Metaspace       used 46226K, committed 46464K, reserved 1114112K
  class space    used 5637K, committed 5760K, reserved 1048576K
}
Event: 9.103 GC heap before
{Heap before GC invocations=11 (full 0):
 garbage-first heap   total 58368K, used 44834K [0x00000000a2200000, 0x0000000100000000)
  region size 1024K, 22 young (22528K), 3 survivors (3072K)
 Metaspace       used 46935K, committed 47168K, reserved 1114112K
  class space    used 5695K, committed 5824K, reserved 1048576K
}
Event: 9.118 GC heap after
{Heap after GC invocations=12 (full 0):
 garbage-first heap   total 58368K, used 28914K [0x00000000a2200000, 0x0000000100000000)
  region size 1024K, 3 young (3072K), 3 survivors (3072K)
 Metaspace       used 46935K, committed 47168K, reserved 1114112K
  class space    used 5695K, committed 5824K, reserved 1048576K
}
Event: 9.219 GC heap before
{Heap before GC invocations=12 (full 0):
 garbage-first heap   total 58368K, used 43250K [0x00000000a2200000, 0x0000000100000000)
  region size 1024K, 17 young (17408K), 3 survivors (3072K)
 Metaspace       used 46958K, committed 47232K, reserved 1114112K
  class space    used 5695K, committed 5824K, reserved 1048576K
}
Event: 9.229 GC heap after
{Heap after GC invocations=13 (full 0):
 garbage-first heap   total 70656K, used 30034K [0x00000000a2200000, 0x0000000100000000)
  region size 1024K, 1 young (1024K), 1 survivors (1024K)
 Metaspace       used 46958K, committed 47232K, reserved 1114112K
  class space    used 5695K, committed 5824K, reserved 1048576K
}
Event: 10.615 GC heap before
{Heap before GC invocations=14 (full 0):
 garbage-first heap   total 70656K, used 52562K [0x00000000a2200000, 0x0000000100000000)
  region size 1024K, 24 young (24576K), 1 survivors (1024K)
 Metaspace       used 50088K, committed 50304K, reserved 1114112K
  class space    used 5975K, committed 6080K, reserved 1048576K
}
Event: 10.629 GC heap after
{Heap after GC invocations=15 (full 0):
 garbage-first heap   total 70656K, used 33603K [0x00000000a2200000, 0x0000000100000000)
  region size 1024K, 3 young (3072K), 3 survivors (3072K)
 Metaspace       used 50088K, committed 50304K, reserved 1114112K
  class space    used 5975K, committed 6080K, reserved 1048576K
}
Event: 10.677 GC heap before
{Heap before GC invocations=15 (full 0):
 garbage-first heap   total 70656K, used 34627K [0x00000000a2200000, 0x0000000100000000)
  region size 1024K, 4 young (4096K), 3 survivors (3072K)
 Metaspace       used 50157K, committed 50368K, reserved 1114112K
  class space    used 5975K, committed 6080K, reserved 1048576K
}
Event: 10.685 GC heap after
{Heap after GC invocations=16 (full 0):
 garbage-first heap   total 70656K, used 33467K [0x00000000a2200000, 0x0000000100000000)
  region size 1024K, 1 young (1024K), 1 survivors (1024K)
 Metaspace       used 50157K, committed 50368K, reserved 1114112K
  class space    used 5975K, committed 6080K, reserved 1048576K
}
Event: 11.368 GC heap before
{Heap before GC invocations=16 (full 0):
 garbage-first heap   total 70656K, used 52923K [0x00000000a2200000, 0x0000000100000000)
  region size 1024K, 20 young (20480K), 1 survivors (1024K)
 Metaspace       used 50434K, committed 50624K, reserved 1114112K
  class space    used 5995K, committed 6080K, reserved 1048576K
}
Event: 11.377 GC heap after
{Heap after GC invocations=17 (full 0):
 garbage-first heap   total 70656K, used 37155K [0x00000000a2200000, 0x0000000100000000)
  region size 1024K, 3 young (3072K), 3 survivors (3072K)
 Metaspace       used 50434K, committed 50624K, reserved 1114112K
  class space    used 5995K, committed 6080K, reserved 1048576K
}
Event: 12.077 GC heap before
{Heap before GC invocations=18 (full 0):
 garbage-first heap   total 70656K, used 54563K [0x00000000a2200000, 0x0000000100000000)
  region size 1024K, 20 young (20480K), 3 survivors (3072K)
 Metaspace       used 52425K, committed 52672K, reserved 1114112K
  class space    used 6217K, committed 6336K, reserved 1048576K
}
Event: 12.090 GC heap after
{Heap after GC invocations=19 (full 0):
 garbage-first heap   total 104448K, used 39278K [0x00000000a2200000, 0x0000000100000000)
  region size 1024K, 2 young (2048K), 2 survivors (2048K)
 Metaspace       used 52425K, committed 52672K, reserved 1114112K
  class space    used 6217K, committed 6336K, reserved 1048576K
}
Event: 12.212 GC heap before
{Heap before GC invocations=19 (full 0):
 garbage-first heap   total 104448K, used 41326K [0x00000000a2200000, 0x0000000100000000)
  region size 1024K, 5 young (5120K), 2 survivors (2048K)
 Metaspace       used 53163K, committed 53376K, reserved 1114112K
  class space    used 6306K, committed 6400K, reserved 1048576K
}
Event: 12.221 GC heap after
{Heap after GC invocations=20 (full 0):
 garbage-first heap   total 104448K, used 39065K [0x00000000a2200000, 0x0000000100000000)
  region size 1024K, 1 young (1024K), 1 survivors (1024K)
 Metaspace       used 53163K, committed 53376K, reserved 1114112K
  class space    used 6306K, committed 6400K, reserved 1048576K
}
Event: 13.468 GC heap before
{Heap before GC invocations=20 (full 0):
 garbage-first heap   total 104448K, used 75929K [0x00000000a2200000, 0x0000000100000000)
  region size 1024K, 37 young (37888K), 1 survivors (1024K)
 Metaspace       used 58247K, committed 58496K, reserved 1114112K
  class space    used 6832K, committed 6912K, reserved 1048576K
}
Event: 13.480 GC heap after
{Heap after GC invocations=21 (full 0):
 garbage-first heap   total 104448K, used 42993K [0x00000000a2200000, 0x0000000100000000)
  region size 1024K, 5 young (5120K), 5 survivors (5120K)
 Metaspace       used 58247K, committed 58496K, reserved 1114112K
  class space    used 6832K, committed 6912K, reserved 1048576K
}
Event: 14.520 GC heap before
{Heap before GC invocations=21 (full 0):
 garbage-first heap   total 104448K, used 76785K [0x00000000a2200000, 0x0000000100000000)
  region size 1024K, 38 young (38912K), 5 survivors (5120K)
 Metaspace       used 64656K, committed 64896K, reserved 1114112K
  class space    used 7495K, committed 7616K, reserved 1048576K
}
Event: 14.541 GC heap after
{Heap after GC invocations=22 (full 0):
 garbage-first heap   total 104448K, used 46035K [0x00000000a2200000, 0x0000000100000000)
  region size 1024K, 3 young (3072K), 3 survivors (3072K)
 Metaspace       used 64656K, committed 64896K, reserved 1114112K
  class space    used 7495K, committed 7616K, reserved 1048576K
}

Dll operation events (2 events):
Event: 0.246 Loaded shared library C:\Program Files\Android\Android Studio\jbr\bin\java.dll
Event: 4.869 Loaded shared library C:\Program Files\Android\Android Studio\jbr\bin\verify.dll

Deoptimization events (20 events):
Event: 14.276 Thread 0x000001cf45af8640 DEOPT PACKING pc=0x000001cf525814b0 sp=0x0000005aef2fd290
Event: 14.276 Thread 0x000001cf45af8640 DEOPT UNPACKING pc=0x000001cf51c769a3 sp=0x0000005aef2fd278 mode 2
Event: 14.493 Thread 0x000001cf45af8640 Uncommon trap: trap_request=0xffffff45 fr.pc=0x000001cf525ce968 relative=0x00000000000001c8
Event: 14.493 Thread 0x000001cf45af8640 Uncommon trap: reason=unstable_if action=reinterpret pc=0x000001cf525ce968 method=kotlin.sequences.FilteringSequence$iterator$1.hasNext()Z @ 5 c2
Event: 14.493 Thread 0x000001cf45af8640 DEOPT PACKING pc=0x000001cf525ce968 sp=0x0000005aef2fc1f0
Event: 14.493 Thread 0x000001cf45af8640 DEOPT UNPACKING pc=0x000001cf51c769a3 sp=0x0000005aef2fc1b0 mode 2
Event: 14.553 Thread 0x000001cf45af8640 Uncommon trap: trap_request=0xffffff45 fr.pc=0x000001cf523d71a0 relative=0x0000000000000280
Event: 14.553 Thread 0x000001cf45af8640 Uncommon trap: reason=unstable_if action=reinterpret pc=0x000001cf523d71a0 method=java.util.HashMap.hash(Ljava/lang/Object;)I @ 1 c2
Event: 14.553 Thread 0x000001cf45af8640 DEOPT PACKING pc=0x000001cf523d71a0 sp=0x0000005aef2fc290
Event: 14.553 Thread 0x000001cf45af8640 DEOPT UNPACKING pc=0x000001cf51c769a3 sp=0x0000005aef2fc128 mode 2
Event: 14.596 Thread 0x000001cf45af8640 DEOPT PACKING pc=0x000001cf4b75f47c sp=0x0000005aef2fc940
Event: 14.596 Thread 0x000001cf45af8640 DEOPT UNPACKING pc=0x000001cf51c77143 sp=0x0000005aef2fbe10 mode 0
Event: 14.617 Thread 0x000001cf45af8640 Uncommon trap: trap_request=0xffffffde fr.pc=0x000001cf525e049c relative=0x00000000000013fc
Event: 14.617 Thread 0x000001cf45af8640 Uncommon trap: reason=class_check action=maybe_recompile pc=0x000001cf525e049c method=org.jetbrains.kotlin.serialization.deserialization.descriptors.DeserializedMemberScope.getContributedClassifier(Lorg/jetbrains/kotlin/name/Name;Lorg/jetbrains/kotlin/inc
Event: 14.617 Thread 0x000001cf45af8640 DEOPT PACKING pc=0x000001cf525e049c sp=0x0000005aef2fc770
Event: 14.617 Thread 0x000001cf45af8640 DEOPT UNPACKING pc=0x000001cf51c769a3 sp=0x0000005aef2fc748 mode 2
Event: 14.618 Thread 0x000001cf45af8640 Uncommon trap: trap_request=0xffffffde fr.pc=0x000001cf525e049c relative=0x00000000000013fc
Event: 14.618 Thread 0x000001cf45af8640 Uncommon trap: reason=class_check action=maybe_recompile pc=0x000001cf525e049c method=org.jetbrains.kotlin.serialization.deserialization.descriptors.DeserializedMemberScope.getContributedClassifier(Lorg/jetbrains/kotlin/name/Name;Lorg/jetbrains/kotlin/inc
Event: 14.618 Thread 0x000001cf45af8640 DEOPT PACKING pc=0x000001cf525e049c sp=0x0000005aef2fc800
Event: 14.618 Thread 0x000001cf45af8640 DEOPT UNPACKING pc=0x000001cf51c769a3 sp=0x0000005aef2fc7d8 mode 2

Classes unloaded (0 events):
No events

Classes redefined (0 events):
No events

Internal exceptions (20 events):
Event: 6.525 Thread 0x000001cf45af8640 Exception <a 'java/lang/NoSuchMethodError'{0x00000000a3e9f788}: 'java.lang.Object java.lang.invoke.DirectMethodHandle$Holder.invokeVirtual(java.lang.Object, java.lang.Object, java.lang.Object)'> (0x00000000a3e9f788) 
thrown [s\src\hotspot\share\interpreter\linkResolver.cpp, line 771]
Event: 8.072 Thread 0x000001cf45af8640 Exception <a 'java/lang/NoSuchMethodError'{0x00000000a5164d18}: 'java.lang.Object java.lang.invoke.DirectMethodHandle$Holder.newInvokeSpecial(java.lang.Object, java.lang.Object, java.lang.Object, int)'> (0x00000000a5164d18) 
thrown [s\src\hotspot\share\interpreter\linkResolver.cpp, line 771]
Event: 8.074 Thread 0x000001cf45af8640 Exception <a 'java/lang/NoSuchMethodError'{0x00000000a51693a0}: 'java.lang.Object java.lang.invoke.DirectMethodHandle$Holder.invokeSpecial(java.lang.Object, java.lang.Object, java.lang.Object, java.lang.Object, int)'> (0x00000000a51693a0) 
thrown [s\src\hotspot\share\interpreter\linkResolver.cpp, line 771]
Event: 8.075 Thread 0x000001cf45af8640 Exception <a 'java/lang/NoSuchMethodError'{0x00000000a516d210}: 'java.lang.Object java.lang.invoke.Invokers$Holder.linkToTargetMethod(java.lang.Object, java.lang.Object, int, java.lang.Object)'> (0x00000000a516d210) 
thrown [s\src\hotspot\share\interpreter\linkResolver.cpp, line 771]
Event: 8.163 Thread 0x000001cf45af8640 Implicit null exception at 0x000001cf5246a8d5 to 0x000001cf5246a9b0
Event: 8.416 Thread 0x000001cf45af8640 Exception <a 'java/lang/NoSuchMethodError'{0x00000000a4969cd8}: 'java.lang.Object java.lang.invoke.DirectMethodHandle$Holder.newInvokeSpecial(java.lang.Object, java.lang.Object, int)'> (0x00000000a4969cd8) 
thrown [s\src\hotspot\share\interpreter\linkResolver.cpp, line 771]
Event: 9.642 Thread 0x000001cf45af8640 Exception <a 'java/lang/NoSuchMethodError'{0x00000000a5fbd788}: 'java.lang.Object java.lang.invoke.DirectMethodHandle$Holder.newInvokeSpecial(java.lang.Object, int, java.lang.Object)'> (0x00000000a5fbd788) 
thrown [s\src\hotspot\share\interpreter\linkResolver.cpp, line 771]
Event: 9.644 Thread 0x000001cf45af8640 Exception <a 'java/lang/NoSuchMethodError'{0x00000000a5fc3d68}: 'int java.lang.invoke.DirectMethodHandle$Holder.invokeInterface(java.lang.Object, java.lang.Object)'> (0x00000000a5fc3d68) 
thrown [s\src\hotspot\share\interpreter\linkResolver.cpp, line 771]
Event: 9.706 Thread 0x000001cf45af8640 Exception <a 'java/lang/NoSuchMethodError'{0x00000000a5e5db40}: 'java.lang.Object java.lang.invoke.DirectMethodHandle$Holder.invokeStaticInit(java.lang.Object, java.lang.Object, java.lang.Object)'> (0x00000000a5e5db40) 
thrown [s\src\hotspot\share\interpreter\linkResolver.cpp, line 771]
Event: 11.008 Thread 0x000001cf45af8640 Implicit null exception at 0x000001cf523bb26c to 0x000001cf523bb448
Event: 11.009 Thread 0x000001cf45af8640 Implicit null exception at 0x000001cf523fbb8f to 0x000001cf523fbc05
Event: 11.990 Thread 0x000001cf45af8640 Implicit null exception at 0x000001cf52469389 to 0x000001cf52469470
Event: 11.990 Thread 0x000001cf45af8640 Implicit null exception at 0x000001cf523d2658 to 0x000001cf523d26ea
Event: 12.052 Thread 0x000001cf45af8640 Exception <a 'java/lang/NoSuchMethodError'{0x00000000a56b22c8}: 'java.lang.Object java.lang.invoke.DirectMethodHandle$Holder.newInvokeSpecial(java.lang.Object, java.lang.Object, java.lang.Object, java.lang.Object, java.lang.Object, java.lang.Object)'> (0x00000000a56b22c8) 
thrown [s\src\hotspot\share\interpreter\linkResolver.cpp, line 771]
Event: 12.514 Thread 0x000001cf45af8640 Exception <a 'java/lang/NoSuchMethodError'{0x00000000a7ab4208}: 'java.lang.Object java.lang.invoke.DirectMethodHandle$Holder.invokeInterface(java.lang.Object, java.lang.Object, java.lang.Object)'> (0x00000000a7ab4208) 
thrown [s\src\hotspot\share\interpreter\linkResolver.cpp, line 771]
Event: 12.515 Thread 0x000001cf45af8640 Exception <a 'java/lang/IncompatibleClassChangeError'{0x00000000a7ab7b78}: Found class java.lang.Object, but interface was expected> (0x00000000a7ab7b78) 
thrown [s\src\hotspot\share\interpreter\linkResolver.cpp, line 838]
Event: 13.036 Thread 0x000001cf45af8640 Implicit null exception at 0x000001cf524174ec to 0x000001cf524176c8
Event: 13.635 Thread 0x000001cf45af8640 Exception <a 'java/lang/NoSuchMethodError'{0x00000000a8395660}: 'java.lang.Object java.lang.invoke.DirectMethodHandle$Holder.newInvokeSpecial(java.lang.Object, java.lang.Object, java.lang.Object, int, int)'> (0x00000000a8395660) 
thrown [s\src\hotspot\share\interpreter\linkResolver.cpp, line 771]
Event: 13.636 Thread 0x000001cf45af8640 Exception <a 'java/lang/NoSuchMethodError'{0x00000000a83994a0}: 'java.lang.Object java.lang.invoke.DirectMethodHandle$Holder.invokeSpecial(java.lang.Object, java.lang.Object, java.lang.Object, java.lang.Object, int, int)'> (0x00000000a83994a0) 
thrown [s\src\hotspot\share\interpreter\linkResolver.cpp, line 771]
Event: 14.553 Thread 0x000001cf45af8640 Implicit null exception at 0x000001cf523d6f70 to 0x000001cf523d7188

VM Operations (20 events):
Event: 14.298 Executing VM operation: HandshakeAllThreads
Event: 14.298 Executing VM operation: HandshakeAllThreads done
Event: 14.308 Executing VM operation: HandshakeAllThreads
Event: 14.308 Executing VM operation: HandshakeAllThreads done
Event: 14.344 Executing VM operation: HandshakeAllThreads
Event: 14.344 Executing VM operation: HandshakeAllThreads done
Event: 14.361 Executing VM operation: HandshakeAllThreads
Event: 14.361 Executing VM operation: HandshakeAllThreads done
Event: 14.364 Executing VM operation: HandshakeAllThreads
Event: 14.364 Executing VM operation: HandshakeAllThreads done
Event: 14.409 Executing VM operation: ICBufferFull
Event: 14.410 Executing VM operation: ICBufferFull done
Event: 14.444 Executing VM operation: HandshakeAllThreads
Event: 14.444 Executing VM operation: HandshakeAllThreads done
Event: 14.457 Executing VM operation: HandshakeAllThreads
Event: 14.457 Executing VM operation: HandshakeAllThreads done
Event: 14.520 Executing VM operation: G1CollectForAllocation
Event: 14.541 Executing VM operation: G1CollectForAllocation done
Event: 14.574 Executing VM operation: HandshakeAllThreads
Event: 14.575 Executing VM operation: HandshakeAllThreads done

Events (20 events):
Event: 13.282 Thread 0x000001cf6113ca90 flushing nmethod 0x000001cf4b4fe390
Event: 13.282 Thread 0x000001cf6113ca90 flushing nmethod 0x000001cf4b502190
Event: 13.282 Thread 0x000001cf6113ca90 flushing nmethod 0x000001cf4b51e010
Event: 13.283 Thread 0x000001cf6113ca90 flushing nmethod 0x000001cf4b527190
Event: 13.283 Thread 0x000001cf6113ca90 flushing nmethod 0x000001cf4b538210
Event: 13.283 Thread 0x000001cf6113ca90 flushing nmethod 0x000001cf4b540910
Event: 13.283 Thread 0x000001cf6113ca90 flushing nmethod 0x000001cf4b54ab10
Event: 13.283 Thread 0x000001cf6113ca90 flushing nmethod 0x000001cf4b584790
Event: 13.283 Thread 0x000001cf6113ca90 flushing nmethod 0x000001cf4b5a9810
Event: 13.283 Thread 0x000001cf6113ca90 flushing nmethod 0x000001cf4b5ac610
Event: 13.283 Thread 0x000001cf6113ca90 flushing nmethod 0x000001cf4b5ad610
Event: 13.283 Thread 0x000001cf6113ca90 flushing nmethod 0x000001cf4b5af190
Event: 13.283 Thread 0x000001cf6113ca90 flushing nmethod 0x000001cf4b5b5f90
Event: 13.283 Thread 0x000001cf6113ca90 flushing nmethod 0x000001cf4b5fdc90
Event: 13.283 Thread 0x000001cf6113ca90 flushing nmethod 0x000001cf4b5fec90
Event: 13.283 Thread 0x000001cf6113ca90 flushing nmethod 0x000001cf4b5ffd90
Event: 13.284 Thread 0x000001cf6113ca90 flushing nmethod 0x000001cf4b61c290
Event: 13.284 Thread 0x000001cf6113ca90 flushing nmethod 0x000001cf4b621f90
Event: 13.284 Thread 0x000001cf6113ca90 flushing nmethod 0x000001cf4b6b3090
Event: 13.284 Thread 0x000001cf6113ca90 flushing nmethod 0x000001cf4b6b3890


Dynamic libraries:
0x00007ff7d06d0000 - 0x00007ff7d06da000 	C:\Program Files\Android\Android Studio\jbr\bin\java.exe
0x00007ffb6e8d0000 - 0x00007ffb6eae6000 	C:\WINDOWS\SYSTEM32\ntdll.dll
0x00007ffb6d480000 - 0x00007ffb6d544000 	C:\WINDOWS\System32\KERNEL32.DLL
0x00007ffb6bff0000 - 0x00007ffb6c397000 	C:\WINDOWS\System32\KERNELBASE.dll
0x00007ffb6be10000 - 0x00007ffb6bf21000 	C:\WINDOWS\System32\ucrtbase.dll
0x00007ffb3bc30000 - 0x00007ffb3bc4b000 	C:\Program Files\Android\Android Studio\jbr\bin\VCRUNTIME140.dll
0x00007ffb5d8b0000 - 0x00007ffb5d8c7000 	C:\Program Files\Android\Android Studio\jbr\bin\jli.dll
0x00007ffb6dd00000 - 0x00007ffb6deae000 	C:\WINDOWS\System32\USER32.dll
0x00007ffb6bc70000 - 0x00007ffb6bc96000 	C:\WINDOWS\System32\win32u.dll
0x00007ffb6e320000 - 0x00007ffb6e349000 	C:\WINDOWS\System32\GDI32.dll
0x00007ffb6c3a0000 - 0x00007ffb6c4b9000 	C:\WINDOWS\System32\gdi32full.dll
0x00007ffb6c4c0000 - 0x00007ffb6c55a000 	C:\WINDOWS\System32\msvcp_win.dll
0x00007ffb56a00000 - 0x00007ffb56c93000 	C:\WINDOWS\WinSxS\amd64_microsoft.windows.common-controls_6595b64144ccf1df_6.0.22621.3235_none_270f74e173860f98\COMCTL32.dll
0x00007ffb6d030000 - 0x00007ffb6d0d7000 	C:\WINDOWS\System32\msvcrt.dll
0x00007ffb6d0e0000 - 0x00007ffb6d111000 	C:\WINDOWS\System32\IMM32.DLL
0x00007ffb40680000 - 0x00007ffb4068c000 	C:\Program Files\Android\Android Studio\jbr\bin\vcruntime140_1.dll
0x00007ffb32ec0000 - 0x00007ffb32f4d000 	C:\Program Files\Android\Android Studio\jbr\bin\msvcp140.dll
0x00007ffb26ae0000 - 0x00007ffb27763000 	C:\Program Files\Android\Android Studio\jbr\bin\server\jvm.dll
0x00007ffb6d790000 - 0x00007ffb6d842000 	C:\WINDOWS\System32\ADVAPI32.dll
0x00007ffb6d850000 - 0x00007ffb6d8f8000 	C:\WINDOWS\System32\sechost.dll
0x00007ffb6c5d0000 - 0x00007ffb6c5f8000 	C:\WINDOWS\System32\bcrypt.dll
0x00007ffb6d560000 - 0x00007ffb6d675000 	C:\WINDOWS\System32\RPCRT4.dll
0x00007ffb6b910000 - 0x00007ffb6b95d000 	C:\WINDOWS\SYSTEM32\POWRPROF.dll
0x00007ffb640e0000 - 0x00007ffb64114000 	C:\WINDOWS\SYSTEM32\WINMM.dll
0x00007ffb61b60000 - 0x00007ffb61b6a000 	C:\WINDOWS\SYSTEM32\VERSION.dll
0x00007ffb5cc30000 - 0x00007ffb5cc39000 	C:\WINDOWS\SYSTEM32\WSOCK32.dll
0x00007ffb6d710000 - 0x00007ffb6d781000 	C:\WINDOWS\System32\WS2_32.dll
0x00007ffb6b8f0000 - 0x00007ffb6b903000 	C:\WINDOWS\SYSTEM32\UMPDC.dll
0x00007ffb6ac30000 - 0x00007ffb6ac48000 	C:\WINDOWS\SYSTEM32\kernel.appcore.dll
0x00007ffb68a00000 - 0x00007ffb68a0a000 	C:\Program Files\Android\Android Studio\jbr\bin\jimage.dll
0x00007ffb697b0000 - 0x00007ffb699e3000 	C:\WINDOWS\SYSTEM32\DBGHELP.DLL
0x00007ffb6d970000 - 0x00007ffb6dcf8000 	C:\WINDOWS\System32\combase.dll
0x00007ffb6d3a0000 - 0x00007ffb6d477000 	C:\WINDOWS\System32\OLEAUT32.dll
0x00007ffb55530000 - 0x00007ffb55562000 	C:\WINDOWS\SYSTEM32\dbgcore.DLL
0x00007ffb6bbf0000 - 0x00007ffb6bc69000 	C:\WINDOWS\System32\bcryptPrimitives.dll
0x00007ffb689a0000 - 0x00007ffb689c5000 	C:\Program Files\Android\Android Studio\jbr\bin\java.dll
0x00007ffb645a0000 - 0x00007ffb645b8000 	C:\Program Files\Android\Android Studio\jbr\bin\zip.dll
0x00007ffb6c600000 - 0x00007ffb6ce5c000 	C:\WINDOWS\System32\SHELL32.dll
0x00007ffb69b50000 - 0x00007ffb6a449000 	C:\WINDOWS\SYSTEM32\windows.storage.dll
0x00007ffb69a10000 - 0x00007ffb69b4e000 	C:\WINDOWS\SYSTEM32\wintypes.dll
0x00007ffb6d120000 - 0x00007ffb6d213000 	C:\WINDOWS\System32\SHCORE.dll
0x00007ffb6e110000 - 0x00007ffb6e16e000 	C:\WINDOWS\System32\shlwapi.dll
0x00007ffb6bb20000 - 0x00007ffb6bb41000 	C:\WINDOWS\SYSTEM32\profapi.dll
0x00007ffb5da10000 - 0x00007ffb5da29000 	C:\Program Files\Android\Android Studio\jbr\bin\net.dll
0x00007ffb64a10000 - 0x00007ffb64b46000 	C:\WINDOWS\SYSTEM32\WINHTTP.dll
0x00007ffb6b0a0000 - 0x00007ffb6b109000 	C:\WINDOWS\system32\mswsock.dll
0x00007ffb5d9f0000 - 0x00007ffb5da06000 	C:\Program Files\Android\Android Studio\jbr\bin\nio.dll
0x00007ffb689f0000 - 0x00007ffb68a00000 	C:\Program Files\Android\Android Studio\jbr\bin\verify.dll

dbghelp: loaded successfully - version: 4.0.5 - missing functions: none
symbol engine: initialized successfully - sym options: 0x614 - pdb path: .;C:\Program Files\Android\Android Studio\jbr\bin;C:\WINDOWS\SYSTEM32;C:\WINDOWS\WinSxS\amd64_microsoft.windows.common-controls_6595b64144ccf1df_6.0.22621.3235_none_270f74e173860f98;C:\Program Files\Android\Android Studio\jbr\bin\server

VM Arguments:
java_command: org.jetbrains.kotlin.cli.jvm.K2JVMCompiler @C:\xampp\htdocs\2024-db-project\kotlin-java-section\app\build\20240513_18138716878877680563.compiler.options
java_class_path (initial): C:\Users\oggps\.gradle\caches\modules-2\files-2.1\org.jetbrains.kotlin\kotlin-compiler-embeddable\1.9.0\2c8c3a7402becca891f12739b3e9fd2dc2adbd7a\kotlin-compiler-embeddable-1.9.0.jar;C:\Users\oggps\.gradle\caches\modules-2\files-2.1\org.jetbrains.kotlin\kotlin-stdlib\1.9.0\8ee15ef0c67dc83d874f412d84378d7f0eb50b63\kotlin-stdlib-1.9.0.jar;C:\Users\oggps\.gradle\caches\modules-2\files-2.1\org.jetbrains.kotlin\kotlin-script-runtime\1.9.0\4b3102cbbb7e1b58d9d1adf89563f00069ffa7d1\kotlin-script-runtime-1.9.0.jar;C:\Users\oggps\.gradle\caches\modules-2\files-2.1\org.jetbrains.kotlin\kotlin-reflect\1.6.10\1cbe9c92c12a94eea200d23c2bbaedaf3daf5132\kotlin-reflect-1.6.10.jar;C:\Users\oggps\.gradle\caches\modules-2\files-2.1\org.jetbrains.kotlin\kotlin-daemon-embeddable\1.9.0\186543f5e28cf8d9a0290fecc2cf34301c40a65c\kotlin-daemon-embeddable-1.9.0.jar;C:\Users\oggps\.gradle\caches\modules-2\files-2.1\org.jetbrains.intellij.deps\trove4j\1.0.20200330\3afb14d5f9ceb459d724e907a21145e8ff394f02\trove4j-1.0.20200330.jar;C:\Users\oggps\.gradle\caches\modules-2\files-2.1\org.jetbrains.kotlin\kotlin-stdlib-common\1.9.0\cd65c21cfd1eec4d44ef09f9f52b6d9f8a720636\kotlin-stdlib-common-1.9.0.jar;C:\Users\oggps\.gradle\caches\modules-2\files-2.1\org.jetbrains\annotations\13.0\919f0dfe192fb4e063e7dacadee7f8bb9a2672a9\annotations-13.0.jar
Launcher Type: SUN_STANDARD

[Global flags]
     intx CICompilerCount                          = 12                                        {product} {ergonomic}
     uint ConcGCThreads                            = 3                                         {product} {ergonomic}
     uint G1ConcRefinementThreads                  = 13                                        {product} {ergonomic}
   size_t G1HeapRegionSize                         = 1048576                                   {product} {ergonomic}
    uintx GCDrainStackTargetSize                   = 64                                        {product} {ergonomic}
   size_t InitialHeapSize                          = 98566144                                  {product} {ergonomic}
   size_t MarkStackSize                            = 4194304                                   {product} {ergonomic}
   size_t MaxHeapSize                              = 1574961152                                {product} {ergonomic}
   size_t MaxNewSize                               = 944766976                                 {product} {ergonomic}
   size_t MinHeapDeltaBytes                        = 1048576                                   {product} {ergonomic}
   size_t MinHeapSize                              = 8388608                                   {product} {ergonomic}
    uintx NonNMethodCodeHeapSize                   = 7602480                                {pd product} {ergonomic}
    uintx NonProfiledCodeHeapSize                  = 122027880                              {pd product} {ergonomic}
    uintx ProfiledCodeHeapSize                     = 122027880                              {pd product} {ergonomic}
    uintx ReservedCodeCacheSize                    = 251658240                              {pd product} {ergonomic}
     bool SegmentedCodeCache                       = true                                      {product} {ergonomic}
   size_t SoftMaxHeapSize                          = 1574961152                             {manageable} {ergonomic}
     bool UseCompressedClassPointers               = true                           {product lp64_product} {ergonomic}
     bool UseCompressedOops                        = true                           {product lp64_product} {ergonomic}
     bool UseG1GC                                  = true                                      {product} {ergonomic}
     bool UseLargePagesIndividualAllocation        = false                                  {pd product} {ergonomic}

Logging:
Log output configuration:
 #0: stdout all=warning uptime,level,tags
 #1: stderr all=off uptime,level,tags

Environment Variables:
JAVA_HOME=C:\Program Files\java\jdk-20
PATH=C:\Program Files\Common Files\Oracle\Java\javapath;C:\WINDOWS\system32;C:\WINDOWS;C:\WINDOWS\System32\Wbem;C:\WINDOWS\System32\WindowsPowerShell\v1.0\;C:\WINDOWS\System32\OpenSSH\;C:\Program Files\dotnet\;C:\Users\oggps;C:\Program Files\MySQL\MySQL Server 8.3\bin;C:\Program Files\Git\cmd;C:\Python3_8_12\Scripts\;C:\Python3_8_12\;C:\Users\oggps\AppData\Local\Microsoft\WindowsApps;C:\Program Files\java\jdk-20\bin;C:\Users\oggps\.dotnet\tools;C:\Users\oggps\AppData\Local\Programs\Microsoft VS Code\bin
USERNAME=oggps
OS=Windows_NT
PROCESSOR_IDENTIFIER=AMD64 Family 23 Model 104 Stepping 1, AuthenticAMD
TMP=C:\Users\oggps\AppData\Local\Temp
TEMP=C:\Users\oggps\AppData\Local\Temp



Periodic native trim disabled

JNI global refs:
JNI global refs: 21, weak refs: 28

JNI global refs memory usage: 843, weak refs: 841

OOME stack traces (most recent first):
Classloader memory used:
Loader jdk.internal.loader.ClassLoaders$AppClassLoader                                 : 6987K
Loader bootstrap                                                                       : 1302K
Loader jdk.internal.reflect.DelegatingClassLoader                                      : 6502B


---------------  S Y S T E M  ---------------

OS:
 Windows 11 , 64 bit Build 22621 (10.0.22621.3374)
OS uptime: 30 days 5:38 hours

CPU: total 16 (initial active 16) (16 cores per cpu, 2 threads per core) family 23 model 104 stepping 1 microcode 0x0, cx8, cmov, fxsr, ht, mmx, 3dnowpref, sse, sse2, sse3, ssse3, sse4a, sse4.1, sse4.2, popcnt, lzcnt, tsc, tscinvbit, avx, avx2, aes, clmul, bmi1, bmi2, adx, sha, fma, vzeroupper, clflush, clflushopt
Processor Information for all 16 processors :
  Max Mhz: 1801, Current Mhz: 1801, Mhz Limit: 1801

Memory: 4k page, system-wide physical 6005M (97M free)
TotalPageFile size 24437M (AvailPageFile size 1M)
current process WorkingSet (physical memory assigned to process): 251M, peak: 251M
current process commit charge ("private bytes"): 325M, peak: 326M

vm_info: OpenJDK 64-Bit Server VM (17.0.10+0--11572160) for windows-amd64 JRE (17.0.10+0--11572160), built on Mar 13 2024 23:56:38 by "androidbuild" with MS VC++ 16.10 / 16.11 (VS2019)

END.
